<?xml version="1.0" encoding="utf-8"?><testsuites name="pytest tests"><testsuite name="pytest" errors="0" failures="0" skipped="0" tests="14" time="4.510" timestamp="2026-08-27T00:01:13.595632+00:00" hostname="agent-env-fab6c1c9-d5fe-48b2-900f-b3129fac0605"><testcase classname="tests.backend_test" name="test_services_list" time="0.229" /><testcase classname="tests.backend_test" name="test_business_hours" time="0.281" /><testcase classname="tests.backend_test" name="test_availability_weekday" time="0.219" /><testcase classname="tests.backend_test" name="test_availability_sunday_closed" time="0.155" /><testcase classname="tests.backend_test" name="test_availability_invalid_date" time="0.133" /><testcase classname="tests.backend_test" name="test_create_booking_and_double_book" time="0.545" /><testcase classname="tests.backend_test" name="test_create_booking_invalid_service" time="0.149" /><testcase classname="tests.backend_test" name="test_login_wrong_password" time="0.371" /><testcase classname="tests.backend_test" name="test_login_success_returns_token" time="0.548" /><testcase classname="tests.backend_test" name="test_admin_bookings_requires_auth" time="0.132" /><testcase classname="tests.backend_test" name="test_admin_stats_requires_auth" time="0.119" /><testcase classname="tests.backend_test" name="test_admin_bookings_with_token" time="0.562" /><testcase classname="tests.backend_test" name="test_admin_stats_with_token" time="0.237" /><testcase classname="tests.backend_test" name="test_admin_agenda_with_token" time="0.138" /></testsuite></testsuites>